<?xml version="1.0" encoding="UTF-8"?>
<!-- Generated by org.testng.reporters.JUnitReportReporter -->
<testsuite hostname="DESKTOP-KJ2AQ4I" failures="0" tests="3" name="demoframework.annaoTESTNG" time="0.113" errors="0" timestamp="2022-10-27T16:38:08 IST" skipped="0">
  <testcase classname="demoframework.annaoTESTNG" name="Login" time="0.070"/>
  <system-out/>
  <testcase classname="demoframework.annaoTESTNG" name="Logout" time="0.009"/>
  <system-out/>
  <testcase classname="demoframework.annaoTESTNG" name="Car" time="0.034"/>
  <system-out/>
</testsuite> <!-- demoframework.annaoTESTNG -->
