<?xml version="1.0" encoding="UTF-8"?>
<!-- Generated by org.testng.reporters.JUnitReportReporter -->
<testsuite hostname="DESKTOP-KJ2AQ4I" failures="0" tests="3" name="demoframework.test123$annaoTESTNG" time="0.081" errors="0" timestamp="2022-11-20T16:00:57 IST" skipped="0">
  <testcase classname="demoframework.test123$annaoTESTNG" name="bat" time="0.033"/>
  <system-out/>
  <testcase classname="demoframework.test123$annaoTESTNG" name="apple" time="0.046"/>
  <system-out/>
  <testcase classname="demoframework.test123$annaoTESTNG" name="car" time="0.002"/>
  <system-out/>
</testsuite> <!-- demoframework.test123$annaoTESTNG -->
