<?xml version="1.0" encoding="UTF-8"?>
<!-- Generated by org.testng.reporters.JUnitReportReporter -->
<testsuite hostname="DESKTOP-KJ2AQ4I" failures="0" tests="2" name="demoframework.test2" time="0.023" errors="0" timestamp="2022-10-27T16:27:20 IST" skipped="0">
  <testcase classname="demoframework.test2" name="tc1" time="0.018"/>
  <system-out/>
  <testcase classname="demoframework.test2" name="tc3" time="0.005"/>
  <system-out/>
</testsuite> <!-- demoframework.test2 -->
