<?xml version="1.0" encoding="UTF-8"?>
<!-- Generated by org.testng.reporters.JUnitReportReporter -->
<testsuite hostname="DESKTOP-KJ2AQ4I" failures="0" tests="2" name="demoframework.groups" time="0.014" errors="0" timestamp="2022-10-27T21:53:38 IST" skipped="0">
  <testcase classname="demoframework.groups" name="tc2" time="0.012"/>
  <system-out/>
  <testcase classname="demoframework.groups" name="tc4" time="0.002"/>
  <system-out/>
</testsuite> <!-- demoframework.groups -->
