<?xml version="1.0" encoding="UTF-8"?>
<!-- Generated by org.testng.reporters.JUnitReportReporter -->
<testsuite hostname="DESKTOP-KJ2AQ4I" failures="0" tests="1" name="demoframework.groups1" time="0.014" errors="0" timestamp="2022-10-30T16:30:01 IST" skipped="0">
  <testcase classname="demoframework.groups1" name="testcase3" time="0.014"/>
  <system-out/>
</testsuite> <!-- demoframework.groups1 -->
