<?xml version="1.0" encoding="UTF-8"?>
<!-- Generated by org.testng.reporters.JUnitReportReporter -->
<testsuite hostname="DESKTOP-KJ2AQ4I" failures="0" tests="2" name="demoframework.annotation1" time="0.053" errors="0" timestamp="27 Oct 2022 07:45:08 GMT">
  <testcase classname="demoframework.annotation1" name="test2" time="0.013"/>
  <testcase classname="demoframework.annotation1" name="test" time="0.040"/>
</testsuite> <!-- demoframework.annotation1 -->
