<?xml version="1.0" encoding="UTF-8"?>
<!-- Generated by org.testng.reporters.JUnitReportReporter -->
<testsuite hostname="DESKTOP-KJ2AQ4I" failures="0" tests="2" name="demoframework.dataprovider" time="21.177" errors="0" timestamp="2022-11-20T14:12:30 IST" skipped="0">
  <testcase classname="demoframework.dataprovider" name="test" time="10.508"/>
  <system-out/>
  <testcase classname="demoframework.dataprovider" name="test" time="10.669"/>
  <system-out/>
</testsuite> <!-- demoframework.dataprovider -->
