<?xml version="1.0" encoding="UTF-8"?>
<!-- Generated by org.testng.reporters.JUnitReportReporter -->
<testsuite hostname="DESKTOP-KJ2AQ4I" failures="0" tests="1" name="demoframework.carlon" time="0.021" errors="0" timestamp="2022-11-13T19:52:13 IST" skipped="0">
  <testcase classname="demoframework.carlon" name="carloan" time="0.021"/>
  <system-out/>
</testsuite> <!-- demoframework.carlon -->
