<?xml version="1.0" encoding="UTF-8"?>
<!-- Generated by org.testng.reporters.JUnitReportReporter -->
<testsuite hostname="DESKTOP-KJ2AQ4I" failures="0" tests="1" name="demoframework.Homeloan" time="0.004" errors="0" timestamp="2022-11-13T19:52:13 IST" skipped="0">
  <testcase classname="demoframework.Homeloan" name="homeloan" time="0.004"/>
  <system-out/>
</testsuite> <!-- demoframework.Homeloan -->
