<?xml version="1.0" encoding="UTF-8"?>
<!-- Generated by org.testng.reporters.JUnitReportReporter -->
<testsuite hostname="DESKTOP-KJ2AQ4I" failures="0" tests="2" name="demoframework.test" time="32.843" errors="0" timestamp="2022-11-20T15:20:59 IST" skipped="0">
  <testcase classname="demoframework.test" name="madhu" time="16.418"/>
  <system-out/>
  <testcase classname="demoframework.test" name="madhu" time="16.425"/>
  <system-out/>
</testsuite> <!-- demoframework.test -->
