<?xml version="1.0" encoding="UTF-8"?>
<!-- Generated by org.testng.reporters.JUnitReportReporter -->
<testsuite hostname="DESKTOP-KJ2AQ4I" failures="0" tests="2" name="runner1.gururun" time="51.607" errors="0" timestamp="3 Nov 2022 11:01:46 GMT">
  <testcase classname="runner1.gururun" name="runScenario" time="23.931"/>
  <testcase classname="runner1.gururun" name="runScenario" time="27.676"/>
</testsuite> <!-- runner1.gururun -->
