<?xml version="1.0" encoding="UTF-8"?>
<!-- Generated by org.testng.reporters.JUnitReportReporter -->
<testsuite hostname="DESKTOP-KJ2AQ4I" failures="0" tests="1" name="runner1.userrun" time="20.052" errors="0" timestamp="2 Nov 2022 16:10:53 GMT">
  <testcase classname="runner1.userrun" name="runScenario" time="20.052"/>
</testsuite> <!-- runner1.userrun -->
