<?xml version="1.0" encoding="UTF-8"?>
<!-- Generated by org.testng.reporters.JUnitReportReporter -->
<testsuite hostname="DESKTOP-KJ2AQ4I" failures="0" tests="2" name="runner1.testrun1" time="34.728" errors="0" timestamp="3 Nov 2022 09:36:54 GMT">
  <testcase classname="runner1.testrun1" name="runScenario" time="16.308"/>
  <testcase classname="runner1.testrun1" name="runScenario" time="18.420"/>
</testsuite> <!-- runner1.testrun1 -->
