<?xml version="1.0" encoding="UTF-8"?>
<!-- Generated by org.testng.reporters.JUnitReportReporter -->
<testsuite hostname="DESKTOP-KJ2AQ4I" failures="0" tests="1" name="Runner.testrun" time="25.612" errors="0" timestamp="3 Nov 2022 05:44:00 GMT">
  <testcase classname="Runner.testrun" name="runScenario" time="25.612"/>
</testsuite> <!-- Runner.testrun -->
