<?xml version="1.0" encoding="UTF-8"?>
<!-- Generated by org.testng.reporters.JUnitReportReporter -->
<testsuite hostname="DESKTOP-KJ2AQ4I" failures="0" tests="2" name="Casestudy1.orangehrm1" time="26.355" errors="0" timestamp="28 Oct 2022 09:39:11 GMT">
  <testcase classname="Casestudy1.orangehrm1" name="Testcase3" time="6.961"/>
  <testcase classname="Casestudy1.orangehrm1" name="Testcase1" time="19.394"/>
</testsuite> <!-- Casestudy1.orangehrm1 -->
