<?xml version="1.0" encoding="UTF-8"?>
<!-- Generated by org.testng.reporters.JUnitReportReporter -->
<testsuite hostname="DESKTOP-KJ2AQ4I" failures="0" tests="3" name="extentreport.ormextent" time="42.204" errors="0" timestamp="11 Nov 2022 09:08:58 GMT">
  <testcase classname="extentreport.ormextent" name="Testcase1" time="13.572"/>
  <testcase classname="extentreport.ormextent" name="Testcase1" time="13.603"/>
  <testcase classname="extentreport.ormextent" name="Testcase1" time="15.029"/>
</testsuite> <!-- extentreport.ormextent -->
