<?xml version="1.0" encoding="UTF-8"?>
<!-- Generated by org.testng.reporters.JUnitReportReporter -->
<testsuite hostname="DESKTOP-KJ2AQ4I" failures="0" tests="1" name="extentreport.extent" time="5.043" errors="0" timestamp="12 Nov 2022 06:53:47 GMT">
  <testcase classname="extentreport.extent" name="Testcase1" time="5.043"/>
</testsuite> <!-- extentreport.extent -->
