<?xml version="1.0" encoding="UTF-8"?>
<!-- Generated by org.testng.reporters.JUnitReportReporter -->
<testsuite hostname="DESKTOP-KJ2AQ4I" failures="0" tests="1" name="extentreport.draganddrop" time="7.369" errors="0" timestamp="12 Nov 2022 06:57:35 GMT">
  <testcase classname="extentreport.draganddrop" name="Test1" time="7.369"/>
</testsuite> <!-- extentreport.draganddrop -->
