<?xml version="1.0" encoding="UTF-8"?>
<!-- Generated by org.testng.reporters.JUnitReportReporter -->
<testsuite hostname="DESKTOP-KJ2AQ4I" failures="0" tests="1" name="extentreport.frames2" time="6.331" errors="0" timestamp="14 Nov 2022 05:53:44 GMT">
  <testcase classname="extentreport.frames2" name="test1" time="6.331"/>
</testsuite> <!-- extentreport.frames2 -->
