<?xml version="1.0" encoding="UTF-8"?>
<!-- Generated by org.testng.reporters.JUnitReportReporter -->
<testsuite hostname="DESKTOP-KJ2AQ4I" failures="0" tests="2" name="datadriven1.paralleltesting" time="46.004" errors="0" timestamp="20 Nov 2022 15:44:16 GMT">
  <testcase classname="datadriven1.paralleltesting" name="test" time="22.779"/>
  <testcase classname="datadriven1.paralleltesting" name="test" time="23.225"/>
</testsuite> <!-- datadriven1.paralleltesting -->
