<?xml version="1.0" encoding="UTF-8"?>
<!-- Generated by org.testng.reporters.JUnitReportReporter -->
<testsuite hostname="DESKTOP-KJ2AQ4I" failures="0" tests="1" name="firstdemo1.maven1" time="22.038" errors="0" timestamp="7 Oct 2022 12:06:00 GMT">
  <testcase classname="firstdemo1.maven1" name="testcase1" time="22.038"/>
</testsuite> <!-- firstdemo1.maven1 -->
