<?xml version="1.0" encoding="UTF-8"?>
<!-- Generated by org.testng.reporters.JUnitReportReporter -->
<testsuite hostname="DESKTOP-KJ2AQ4I" failures="0" tests="1" name="practice1.act" time="9.990" errors="0" timestamp="26 Oct 2022 05:37:14 GMT">
  <testcase classname="practice1.act" name="test" time="9.990"/>
</testsuite> <!-- practice1.act -->
