<?xml version="1.0" encoding="UTF-8"?>
<!-- Generated by org.testng.reporters.JUnitReportReporter -->
<testsuite hostname="DESKTOP-KJ2AQ4I" failures="0" tests="2" name="practice1.pra1" time="12.332" errors="0" timestamp="26 Oct 2022 15:41:29 GMT">
  <testcase classname="practice1.pra1" name="test2" time="8.845"/>
  <testcase classname="practice1.pra1" name="Test1" time="3.487"/>
</testsuite> <!-- practice1.pra1 -->
