<?xml version="1.0" encoding="UTF-8"?>
<!-- Generated by org.testng.reporters.JUnitReportReporter -->
<testsuite hostname="DESKTOP-KJ2AQ4I" failures="0" tests="1" name="practice1.windowhandles" time="28.190" errors="0" timestamp="16 Nov 2022 13:21:09 GMT">
  <testcase classname="practice1.windowhandles" name="windowhandles" time="28.190"/>
</testsuite> <!-- practice1.windowhandles -->
