<?xml version="1.0" encoding="UTF-8"?>
<!-- Generated by org.testng.reporters.JUnitReportReporter -->
<testsuite hostname="DESKTOP-KJ2AQ4I" failures="0" tests="1" name="practice1.practice" time="227.467" errors="0" timestamp="18 Nov 2022 16:36:38 GMT">
  <testcase classname="practice1.practice" name="test" time="227.467"/>
</testsuite> <!-- practice1.practice -->
