<?xml version="1.0" encoding="UTF-8"?>
<!-- Generated by org.testng.reporters.JUnitReportReporter -->
<testsuite hostname="DESKTOP-KJ2AQ4I" failures="0" tests="1" name="javascript1.test_twoplugs" time="12.964" errors="0" timestamp="20 Nov 2022 11:17:35 GMT">
  <testcase classname="javascript1.test_twoplugs" name="beforetest" time="12.964"/>
</testsuite> <!-- javascript1.test_twoplugs -->
