<?xml version="1.0" encoding="UTF-8"?>
<!-- Generated by org.testng.reporters.JUnitReportReporter -->
<testsuite hostname="DESKTOP-KJ2AQ4I" failures="0" tests="1" name="javascript1.test_orangehrm" time="15.164" errors="0" timestamp="20 Nov 2022 15:09:14 GMT">
  <testcase classname="javascript1.test_orangehrm" name="test1" time="15.164"/>
</testsuite> <!-- javascript1.test_orangehrm -->
